[debug] [2022-11-13T04:25:52.299Z] ----------------------------------------------------------------------
[debug] [2022-11-13T04:25:52.300Z] Command:       C:\Program Files\nodejs\node.exe C:\Users\Ernesto\AppData\Roaming\npm\node_modules\firebase-tools\lib\bin\firebase.js init hosting:github
[debug] [2022-11-13T04:25:52.301Z] CLI Version:   11.16.0
[debug] [2022-11-13T04:25:52.301Z] Platform:      win32
[debug] [2022-11-13T04:25:52.301Z] Node Version:  v18.12.0
[debug] [2022-11-13T04:25:52.302Z] Time:          Sat Nov 12 2022 23:25:52 GMT-0500 (hora estándar de Perú)
[debug] [2022-11-13T04:25:52.302Z] ----------------------------------------------------------------------
[debug] 
[debug] [2022-11-13T04:25:52.447Z] > command requires scopes: ["email","openid","https://www.googleapis.com/auth/cloudplatformprojects.readonly","https://www.googleapis.com/auth/firebase","https://www.googleapis.com/auth/cloud-platform"]
[debug] [2022-11-13T04:25:52.448Z] > authorizing via signed-in user (erneszv@gmail.com)
[info] 
     ######## #### ########  ######## ########     ###     ######  ########
     ##        ##  ##     ## ##       ##     ##  ##   ##  ##       ##
     ######    ##  ########  ######   ########  #########  ######  ######
     ##        ##  ##    ##  ##       ##     ## ##     ##       ## ##
     ##       #### ##     ## ######## ########  ##     ##  ######  ########

You're about to initialize a Firebase project in this directory:

  C:\Users\Ernesto\Desktop\wecookv2

Before we get started, keep in mind:

  * You are initializing within an existing Firebase project directory

[info] 
=== Project Setup
[info] 
[info] First, let's associate this project directory with a Firebase project.
[info] You can create multiple project aliases by running firebase use --add, 
[info] but for now we'll just set up a default project.
[info] 
[debug] [2022-11-13T04:25:54.800Z] Using project from CLI flag: wecook-f5634
[debug] [2022-11-13T04:25:54.803Z] >>> [apiv2][query] GET https://firebase.googleapis.com/v1beta1/projects/wecook-f5634 [none]
[debug] [2022-11-13T04:25:55.275Z] <<< [apiv2][status] GET https://firebase.googleapis.com/v1beta1/projects/wecook-f5634 200
[debug] [2022-11-13T04:25:55.275Z] <<< [apiv2][body] GET https://firebase.googleapis.com/v1beta1/projects/wecook-f5634 {"projectId":"wecook-f5634","projectNumber":"996360449218","displayName":"WeCook","name":"projects/wecook-f5634","resources":{"hostingSite":"wecook-f5634"},"state":"ACTIVE","etag":"1_d66a1733-3f48-47dd-a393-eb8717866f86"}
[info] i  Using project wecook-f5634 (WeCook) 
[info] 
=== Hosting:github Setup
[info] 
[info] i  Detected a .git folder at C:\Users\Ernesto\Desktop\wecookv2 
[info] i  Authorizing with GitHub to upload your service account to a GitHub repository's secrets store. 
[info] 
[info] Visit this URL on this device to log in:
[info] https://github.com/login/oauth/authorize?client_id=89cf50f02ac6aaed3484&state=171445807&redirect_uri=http%3A%2F%2Flocalhost%3A9005&scope=read%3Auser%20repo%20public_repo
[info] 
[info] Waiting for authentication...
[debug] [2022-11-13T04:25:56.185Z] >>> [apiv2][query] POST https://github.com/login/oauth/access_token [none]
[debug] [2022-11-13T04:25:56.186Z] >>> [apiv2][body] POST https://github.com/login/oauth/access_token [stream]
[debug] [2022-11-13T04:25:56.710Z] <<< [apiv2][status] POST https://github.com/login/oauth/access_token 200
[debug] [2022-11-13T04:25:56.710Z] <<< [apiv2][body] POST https://github.com/login/oauth/access_token {"access_token":"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","token_type":"bearer","scope":"read:user,repo"}
[debug] [2022-11-13T04:25:56.716Z] >>> [apiv2][query] GET https://api.github.com/user [none]
[debug] [2022-11-13T04:25:57.176Z] <<< [apiv2][status] GET https://api.github.com/user 200
[debug] [2022-11-13T04:25:57.176Z] <<< [apiv2][body] GET https://api.github.com/user {"login":"ernesto104","id":63994424,"node_id":"MDQ6VXNlcjYzOTk0NDI0","avatar_url":"https://avatars.githubusercontent.com/u/63994424?v=4","gravatar_id":"","url":"https://api.github.com/users/ernesto104","html_url":"https://github.com/ernesto104","followers_url":"https://api.github.com/users/ernesto104/followers","following_url":"https://api.github.com/users/ernesto104/following{/other_user}","gists_url":"https://api.github.com/users/ernesto104/gists{/gist_id}","starred_url":"https://api.github.com/users/ernesto104/starred{/owner}{/repo}","subscriptions_url":"https://api.github.com/users/ernesto104/subscriptions","organizations_url":"https://api.github.com/users/ernesto104/orgs","repos_url":"https://api.github.com/users/ernesto104/repos","events_url":"https://api.github.com/users/ernesto104/events{/privacy}","received_events_url":"https://api.github.com/users/ernesto104/received_events","type":"User","site_admin":false,"name":null,"company":null,"blog":"","location":null,"email":null,"hireable":null,"bio":null,"twitter_username":null,"public_repos":8,"public_gists":0,"followers":0,"following":0,"created_at":"2020-04-20T04:58:14Z","updated_at":"2022-11-13T04:12:01Z","private_gists":0,"total_private_repos":0,"owned_private_repos":0,"disk_usage":2178,"collaborators":0,"two_factor_authentication":false,"plan":{"name":"free","space":976562499,"collaborators":0,"private_repos":10000}}
[info] 
[info] +  Success! Logged into GitHub as ernesto104 
[info] 
